Again 1
Alabama 3
Alleghenies 1
Almighty 1
America 5
American 4
And 7
But 4
California 1
Carolina 1
Catholics 1
Civil 1
Colorado 1
Constitution 1
Continue 1
Declaration 1
Emancipation 1
Five 1
For 2
Free 2
From 1
Gentiles 1
Georgia 3
Go 6
God 4
Governor 1
Hampshire 1
I 15
In 2
Independence 1
Instead 1
It 4
Jews 1
Land 1
Let 3
Lookout 1
Lord 1
Louisiana 1
Mississippi 4
Mountain 2
My 1
Negro 15
New 3
Nineteen 1
No 1
Northern 1
Now 1
Only 1
Pennsylvania 1
Proclamation 1
Protestants 1
Rights 1
Rockies 1
So 2
Some 2
South 2
Stone 1
Tennessee 1
Thank 1
The 3
There 2
This 7
We 8
When 2
Whites 1
With 3
York 2
You 1
a 34
able 8
again 1
ago 1
ahead 1
all 7
allow 2
alone 1
also 1
always 1
am 2
an 3
and 41
architects 1
are 8
areas 1
as 20
asking 1
at 4
autumn 1
awakening 1
back 9
bad 1
bank 1
bankrupt 1
basic 1
battered 1
be 33
beacon 1
beautiful 1
become 1
been 2
beginning 1
believe 2
believes 1
bitterness 1
black 4
blow 1
bodies 1
bound 1
boys 2
bright 1
brother 1
brotherhood 2
brothers 2
brutality 2
business 1
but 2
by 8
came 2
can 4
cannot 6
capital 1
capped 1
captivity 1
cash 2
cells 1
chains 1
changed 1
character 1
check 5
children 5
cities 2
citizens 1
citizenship 1
city 1
color 2
come 10
community 1
concerned 1
condition 1
conduct 1
content 2
continue 1
cooling 1
corners 1
country 1
created 1
creative 2
creed 1
crippled 1
crooked 1
cup 1
curvaceous 1
dark 1
day 12
daybreak 1
decree 1
deeds 1
deeply 1
defaulted 1
degenerate 1
demand 1
democracy 1
demonstration 1
desolate 1
despair 2
destiny 2
devotees 1
died 1
difficulties 1
dignity 2
discipline 1
discontent 1
discords 1
discrimination 1
distrust 1
down 4
dramatize 1
dream 11
drinking 1
dripping 1
drug 1
emerges 1
end 2
engage 1
engulfed 1
equal 1
equality 1
even 2
every 10
evidenced 1
evident 1
exalted 1
exile 1
face 1
faith 5
fall 1
far 1
fatal 1
father 1
fatigue 1
fierce 1
finds 1
flames 1
flesh 1
for 7
force 2
forever 1
former 2
foundations 1
four 1
free 3
freedom 20
fresh 1
friends 1
from 17
funds 2
gain 1
gaining 1
ghetto 1
ghettos 1
girls 2
give 1
given 1
glory 1
go 3
gradualism 1
granted 1
great 5
greatest 1
guaranteed 1
guilty 1
had 1
hallowed 1
hamlet 1
hands 2
happens 1
happiness 1
happy 1
has 5
hatred 1
have 18
having 1
he 1
heat 2
heavy 1
heightening 1
heights 1
heir 1
her 1
here 3
hew 1
high 1
highways 1
hill 3
hills 1
hilltops 1
himself 1
his 3
history 2
hold 1
honoring 1
hood 1
hope 4
horrors 1
hotels 1
hundred 4
if 2
in 22
inextricably 1
injustice 3
insufficient 2
interposition 1
into 4
invigorating 1
is 23
island 1
it 2
its 3
jail 2
jangling 1
join 3
joyous 1
judged 1
justice 8
knowing 2
land 3
languished 1
larger 1
last 3
later 4
lead 1
leads 1
left 1
legitimate 1
let 10
liberty 2
life 2
lift 1
light 1
like 2
lips 1
little 3
live 2
lives 1
lodging 1
lonely 1
long 6
low 1
luxury 1
made 2
magnificent 1
majestic 1
make 3
manacles 1
many 1
march 1
marked 1
marvelous 1
material 1
meaning 2
meeting 1
men 6
midst 1
mighty 2
militancy 1
millions 1
mobility 1
mole 1
moment 1
momentous 1
motels 1
mountain 2
mountains 1
mountainside 2
must 8
my 4
narrow 1
nation 11
needed 1
neither 1
never 3
new 2
night 1
no 2
nor 1
not 13
note 3
nothing 1
now 5
nullification 1
oasis 1
obligation 1
obvious 1
ocean 1
of 99
off 2
old 1
on 5
one 13
only 1
opportunity 1
oppression 1
or 1
our 17
out 3
overlook 1
own 1
palace 1
pass 1
path 1
people 3
persecution 1
physical 2
pilgrim 1
place 1
places 2
plain 1
plane 1
pledge 1
police 2
poverty 1
pray 1
presence 1
pride 1
process 1
prodigious 1
promise 1
promises 1
promissory 2
prosperity 1
protests 1
pursuit 1
quest 1
quicksands 1
racial 2
racists 1
real 1
reality 1
realize 2
red 1
redemptive 1
refuse 2
remind 1
republic 1
rest 1
returns 1
revealed 1
revolt 1
riches 1
right 1
righteousness 1
rightful 1
rights 2
ring 12
rise 3
robbed 1
rock 1
rolls 1
rooted 1
rough 1
rude 1
s 7
sacred 1
sadly 1
satisfied 8
satisfy 1
say 2
score 1
seared 1
security 1
see 1
seek 1
segregation 2
self 1
selfhood 1
sense 1
shadow 1
shake 1
shall 5
shameful 1
signed 1
signing 1
signs 1
sing 3
sisters 1
sit 1
situation 1
sixty 1
skin 1
slaveowners 1
slaves 2
slopes 1
slums 1
smaller 1
snow 1
so 3
society 1
solid 1
some 1
somehow 1
something 1
sons 2
soul 1
speed 1
spiritual 1
spot 1
staggered 1
stand 3
state 3
stating 1
steam 1
still 4
stone 1
storms 1
straight 1
stream 1
stripped 1
struggle 2
suffering 2
summer 1
sunlit 1
sweet 1
sweltering 3
symbolic 1
symphony 1
table 1
take 1
that 24
the 102
thee 2
their 8
there 4
these 1
they 3
thirst 1
this 13
those 2
though 1
three 1
threshold 1
tied 1
time 5
tis 1
to 60
today 9
together 7
tomorrow 1
tranquility 1
tranquilizing 1
transform 1
transformed 1
travel 1
trials 1
tribulations 1
true 2
truths 1
turn 1
unalienable 1
unearned 1
unmindful 1
unspeakable 1
until 4
up 4
upon 1
urgency 2
us 4
usual 1
valley 3
vast 1
vaults 1
ve 2
veterans 1
vicious 1
victim 1
village 1
violence 1
vote 2
walk 2
wallow 1
was 2
waters 1
we 25
well 1
were 1
what 1
when 5
where 3
which 5
whirlwinds 1
white 6
who 4
whose 1
will 27
winds 1
with 13
withering 1
words 3
work 2
worn 1
would 2
wrongful 1
wrote 1
years 5
yes 1
you 7
your 1

the 102
of 99
to 60
and 41
a 34
be 33
will 27
we 25
that 24
is 23
in 22
freedom 20
as 20
have 18
from 17
our 17
Negro 15
I 15
this 13
not 13
one 13
with 13
ring 12
day 12
dream 11
nation 11
let 10
every 10
come 10
back 9
today 9
able 8
satisfied 8
must 8
We 8
justice 8
are 8
by 8
their 8
together 7
And 7
all 7
s 7
This 7
for 7
you 7
Go 6
cannot 6
white 6
men 6
long 6
when 5
faith 5
shall 5
children 5
time 5
now 5
has 5
America 5
which 5
check 5
on 5
great 5
years 5
at 4
Mississippi 4
can 4
up 4
into 4
my 4
until 4
God 4
us 4
there 4
black 4
still 4
later 4
hundred 4
But 4
It 4
who 4
hope 4
American 4
down 4
last 3
sing 3
With 3
hill 3
little 3
state 3
its 3
Georgia 3
Alabama 3
where 3
out 3
New 3
never 3
Let 3
The 3
an 3
sweltering 3
valley 3
rise 3
make 3
people 3
so 3
note 3
they 3
words 3
here 3
land 3
his 3
free 3
injustice 3
stand 3
go 3
join 3
Free 2
Mountain 2
mountainside 2
thee 2
it 2
places 2
made 2
mountain 2
hands 2
girls 2
boys 2
heat 2
former 2
sons 2
meaning 2
true 2
live 2
even 2
despair 2
knowing 2
South 2
work 2
suffering 2
jail 2
Some 2
mighty 2
like 2
York 2
vote 2
cities 2
brutality 2
police 2
walk 2
destiny 2
realize 2
brothers 2
For 2
new 2
force 2
physical 2
creative 2
allow 2
dignity 2
struggle 2
say 2
There 2
if 2
content 2
those 2
but 2
brotherhood 2
racial 2
off 2
no 2
urgency 2
believe 2
refuse 2
funds 2
insufficient 2
color 2
liberty 2
rights 2
would 2
was 2
promissory 2
When 2
cash 2
In 2
ve 2
So 2
segregation 2
life 2
end 2
been 2
slaves 2
came 2
history 2
am 2
Almighty 1
Thank 1
spiritual 1
old 1
Catholics 1
Protestants 1
Gentiles 1
Jews 1
speed 1
city 1
hamlet 1
village 1
happens 1
From 1
mole 1
Tennessee 1
Lookout 1
Stone 1
only 1
California 1
slopes 1
curvaceous 1
Colorado 1
Rockies 1
capped 1
snow 1
Pennsylvania 1
Alleghenies 1
heightening 1
mountains 1
Hampshire 1
hilltops 1
prodigious 1
become 1
pride 1
pilgrim 1
died 1
father 1
Land 1
sweet 1
tis 1
country 1
My 1
pray 1
hood 1
brother 1
symphony 1
beautiful 1
discords 1
jangling 1
transform 1
stone 1
hew 1
see 1
flesh 1
revealed 1
Lord 1
glory 1
straight 1
crooked 1
plain 1
rough 1
low 1
exalted 1
sisters 1
right 1
nullification 1
interposition 1
dripping 1
lips 1
having 1
Governor 1
racists 1
vicious 1
character 1
skin 1
judged 1
four 1
oasis 1
transformed 1
oppression 1
table 1
sit 1
slaveowners 1
hills 1
red 1
equal 1
created 1
evident 1
self 1
truths 1
these 1
hold 1
creed 1
rooted 1
deeply 1
tomorrow 1
difficulties 1
face 1
though 1
friends 1
wallow 1
changed 1
situation 1
somehow 1
Northern 1
ghettos 1
slums 1
Louisiana 1
Carolina 1
redemptive 1
unearned 1
Continue 1
veterans 1
You 1
winds 1
staggered 1
persecution 1
storms 1
battered 1
left 1
quest 1
your 1
areas 1
cells 1
narrow 1
fresh 1
tribulations 1
trials 1
some 1
unmindful 1
stream 1
righteousness 1
waters 1
rolls 1
No 1
nothing 1
he 1
believes 1
Only 1
Whites 1
stating 1
signs 1
robbed 1
selfhood 1
stripped 1
larger 1
ghetto 1
smaller 1
mobility 1
basic 1
hotels 1
highways 1
motels 1
lodging 1
gain 1
travel 1
fatigue 1
heavy 1
bodies 1
horrors 1
unspeakable 1
victim 1
Rights 1
Civil 1
devotees 1
asking 1
turn 1
ahead 1
march 1
always 1
pledge 1
alone 1
bound 1
inextricably 1
tied 1
presence 1
evidenced 1
many 1
distrust 1
lead 1
community 1
engulfed 1
militancy 1
marvelous 1
soul 1
meeting 1
heights 1
majestic 1
again 1
Again 1
violence 1
degenerate 1
protests 1
discipline 1
plane 1
high 1
conduct 1
forever 1
hatred 1
bitterness 1
cup 1
drinking 1
thirst 1
satisfy 1
seek 1
deeds 1
wrongful 1
guilty 1
place 1
rightful 1
gaining 1
process 1
palace 1
leads 1
threshold 1
worn 1
something 1
emerges 1
bright 1
foundations 1
shake 1
continue 1
revolt 1
whirlwinds 1
citizenship 1
granted 1
tranquility 1
nor 1
rest 1
neither 1
usual 1
business 1
returns 1
awakening 1
rude 1
steam 1
blow 1
needed 1
beginning 1
three 1
sixty 1
Nineteen 1
equality 1
autumn 1
invigorating 1
pass 1
discontent 1
legitimate 1
summer 1
moment 1
overlook 1
fatal 1
reality 1
rock 1
solid 1
quicksands 1
lift 1
path 1
sunlit 1
desolate 1
dark 1
democracy 1
promises 1
real 1
Now 1
gradualism 1
drug 1
tranquilizing 1
take 1
or 1
cooling 1
luxury 1
engage 1
fierce 1
remind 1
spot 1
hallowed 1
also 1
security 1
riches 1
demand 1
upon 1
give 1
opportunity 1
vaults 1
bankrupt 1
bank 1
marked 1
bad 1
given 1
obligation 1
sacred 1
honoring 1
Instead 1
concerned 1
citizens 1
her 1
far 1
defaulted 1
obvious 1
happiness 1
pursuit 1
unalienable 1
guaranteed 1
well 1
yes 1
promise 1
heir 1
fall 1
signing 1
were 1
Independence 1
Declaration 1
Constitution 1
magnificent 1
wrote 1
republic 1
architects 1
capital 1
sense 1
condition 1
shameful 1
dramatize 1
own 1
exile 1
himself 1
finds 1
society 1
corners 1
languished 1
prosperity 1
material 1
ocean 1
vast 1
midst 1
poverty 1
island 1
lonely 1
lives 1
discrimination 1
chains 1
manacles 1
crippled 1
sadly 1
captivity 1
night 1
daybreak 1
joyous 1
withering 1
flames 1
seared 1
had 1
millions 1
light 1
beacon 1
decree 1
momentous 1
Proclamation 1
Emancipation 1
signed 1
shadow 1
symbolic 1
whose 1
ago 1
score 1
Five 1
demonstration 1
greatest 1
what 1
happy 1
